[2024-11-29 12:03:50] local.ERROR: Job failed: The "" scheme is not supported; supported schemes for mailer "smtp" are: "smtp", "smtps".  
[2024-11-29 12:03:50] local.ERROR: The "" scheme is not supported; supported schemes for mailer "smtp" are: "smtp", "smtps". {"exception":"[object] (Symfony\\Component\\Mailer\\Exception\\UnsupportedSchemeException(code: 0): The \"\" scheme is not supported; supported schemes for mailer \"smtp\" are: \"smtp\", \"smtps\". at /var/www/html/laravel_10_projects/Laravel_aws_queue/vendor/symfony/mailer/Transport/Smtp/EsmtpTransportFactory.php:28)
[stacktrace]
#0 /var/www/html/laravel_10_projects/Laravel_aws_queue/vendor/laravel/framework/src/Illuminate/Mail/MailManager.php(202): Symfony\\Component\\Mailer\\Transport\\Smtp\\EsmtpTransportFactory->create()
#1 /var/www/html/laravel_10_projects/Laravel_aws_queue/vendor/laravel/framework/src/Illuminate/Mail/MailManager.php(181): Illuminate\\Mail\\MailManager->createSmtpTransport()
#2 /var/www/html/laravel_10_projects/Laravel_aws_queue/vendor/laravel/framework/src/Illuminate/Mail/MailManager.php(146): Illuminate\\Mail\\MailManager->createSymfonyTransport()
#3 /var/www/html/laravel_10_projects/Laravel_aws_queue/vendor/laravel/framework/src/Illuminate/Mail/MailManager.php(123): Illuminate\\Mail\\MailManager->build()
#4 /var/www/html/laravel_10_projects/Laravel_aws_queue/vendor/laravel/framework/src/Illuminate/Mail/MailManager.php(101): Illuminate\\Mail\\MailManager->resolve()
#5 /var/www/html/laravel_10_projects/Laravel_aws_queue/vendor/laravel/framework/src/Illuminate/Mail/MailManager.php(79): Illuminate\\Mail\\MailManager->get()
#6 /var/www/html/laravel_10_projects/Laravel_aws_queue/vendor/laravel/framework/src/Illuminate/Mail/MailManager.php(624): Illuminate\\Mail\\MailManager->mailer()
#7 /var/www/html/laravel_10_projects/Laravel_aws_queue/vendor/laravel/framework/src/Illuminate/Support/Facades/Facade.php(358): Illuminate\\Mail\\MailManager->__call()
#8 /var/www/html/laravel_10_projects/Laravel_aws_queue/app/Jobs/SendMailJob.php(36): Illuminate\\Support\\Facades\\Facade::__callStatic()
#9 /var/www/html/laravel_10_projects/Laravel_aws_queue/vendor/laravel/framework/src/Illuminate/Container/BoundMethod.php(36): App\\Jobs\\SendMailJob->handle()
#10 /var/www/html/laravel_10_projects/Laravel_aws_queue/vendor/laravel/framework/src/Illuminate/Container/Util.php(43): Illuminate\\Container\\BoundMethod::Illuminate\\Container\\{closure}()
#11 /var/www/html/laravel_10_projects/Laravel_aws_queue/vendor/laravel/framework/src/Illuminate/Container/BoundMethod.php(95): Illuminate\\Container\\Util::unwrapIfClosure()
#12 /var/www/html/laravel_10_projects/Laravel_aws_queue/vendor/laravel/framework/src/Illuminate/Container/BoundMethod.php(35): Illuminate\\Container\\BoundMethod::callBoundMethod()
#13 /var/www/html/laravel_10_projects/Laravel_aws_queue/vendor/laravel/framework/src/Illuminate/Container/Container.php(694): Illuminate\\Container\\BoundMethod::call()
#14 /var/www/html/laravel_10_projects/Laravel_aws_queue/vendor/laravel/framework/src/Illuminate/Bus/Dispatcher.php(126): Illuminate\\Container\\Container->call()
#15 /var/www/html/laravel_10_projects/Laravel_aws_queue/vendor/laravel/framework/src/Illuminate/Pipeline/Pipeline.php(144): Illuminate\\Bus\\Dispatcher->Illuminate\\Bus\\{closure}()
#16 /var/www/html/laravel_10_projects/Laravel_aws_queue/vendor/laravel/framework/src/Illuminate/Pipeline/Pipeline.php(119): Illuminate\\Pipeline\\Pipeline->Illuminate\\Pipeline\\{closure}()
#17 /var/www/html/laravel_10_projects/Laravel_aws_queue/vendor/laravel/framework/src/Illuminate/Bus/Dispatcher.php(130): Illuminate\\Pipeline\\Pipeline->then()
#18 /var/www/html/laravel_10_projects/Laravel_aws_queue/vendor/laravel/framework/src/Illuminate/Queue/CallQueuedHandler.php(124): Illuminate\\Bus\\Dispatcher->dispatchNow()
#19 /var/www/html/laravel_10_projects/Laravel_aws_queue/vendor/laravel/framework/src/Illuminate/Pipeline/Pipeline.php(144): Illuminate\\Queue\\CallQueuedHandler->Illuminate\\Queue\\{closure}()
#20 /var/www/html/laravel_10_projects/Laravel_aws_queue/vendor/laravel/framework/src/Illuminate/Pipeline/Pipeline.php(119): Illuminate\\Pipeline\\Pipeline->Illuminate\\Pipeline\\{closure}()
#21 /var/www/html/laravel_10_projects/Laravel_aws_queue/vendor/laravel/framework/src/Illuminate/Queue/CallQueuedHandler.php(123): Illuminate\\Pipeline\\Pipeline->then()
#22 /var/www/html/laravel_10_projects/Laravel_aws_queue/vendor/laravel/framework/src/Illuminate/Queue/CallQueuedHandler.php(71): Illuminate\\Queue\\CallQueuedHandler->dispatchThroughMiddleware()
#23 /var/www/html/laravel_10_projects/Laravel_aws_queue/vendor/laravel/framework/src/Illuminate/Queue/Jobs/Job.php(102): Illuminate\\Queue\\CallQueuedHandler->call()
#24 /var/www/html/laravel_10_projects/Laravel_aws_queue/vendor/laravel/framework/src/Illuminate/Queue/Worker.php(441): Illuminate\\Queue\\Jobs\\Job->fire()
#25 /var/www/html/laravel_10_projects/Laravel_aws_queue/vendor/laravel/framework/src/Illuminate/Queue/Worker.php(391): Illuminate\\Queue\\Worker->process()
#26 /var/www/html/laravel_10_projects/Laravel_aws_queue/vendor/laravel/framework/src/Illuminate/Queue/Worker.php(335): Illuminate\\Queue\\Worker->runJob()
#27 /var/www/html/laravel_10_projects/Laravel_aws_queue/vendor/laravel/framework/src/Illuminate/Queue/Console/WorkCommand.php(148): Illuminate\\Queue\\Worker->runNextJob()
#28 /var/www/html/laravel_10_projects/Laravel_aws_queue/vendor/laravel/framework/src/Illuminate/Queue/Console/WorkCommand.php(131): Illuminate\\Queue\\Console\\WorkCommand->runWorker()
#29 /var/www/html/laravel_10_projects/Laravel_aws_queue/vendor/laravel/framework/src/Illuminate/Container/BoundMethod.php(36): Illuminate\\Queue\\Console\\WorkCommand->handle()
#30 /var/www/html/laravel_10_projects/Laravel_aws_queue/vendor/laravel/framework/src/Illuminate/Container/Util.php(43): Illuminate\\Container\\BoundMethod::Illuminate\\Container\\{closure}()
#31 /var/www/html/laravel_10_projects/Laravel_aws_queue/vendor/laravel/framework/src/Illuminate/Container/BoundMethod.php(95): Illuminate\\Container\\Util::unwrapIfClosure()
#32 /var/www/html/laravel_10_projects/Laravel_aws_queue/vendor/laravel/framework/src/Illuminate/Container/BoundMethod.php(35): Illuminate\\Container\\BoundMethod::callBoundMethod()
#33 /var/www/html/laravel_10_projects/Laravel_aws_queue/vendor/laravel/framework/src/Illuminate/Container/Container.php(694): Illuminate\\Container\\BoundMethod::call()
#34 /var/www/html/laravel_10_projects/Laravel_aws_queue/vendor/laravel/framework/src/Illuminate/Console/Command.php(213): Illuminate\\Container\\Container->call()
#35 /var/www/html/laravel_10_projects/Laravel_aws_queue/vendor/symfony/console/Command/Command.php(279): Illuminate\\Console\\Command->execute()
#36 /var/www/html/laravel_10_projects/Laravel_aws_queue/vendor/laravel/framework/src/Illuminate/Console/Command.php(182): Symfony\\Component\\Console\\Command\\Command->run()
#37 /var/www/html/laravel_10_projects/Laravel_aws_queue/vendor/symfony/console/Application.php(1094): Illuminate\\Console\\Command->run()
#38 /var/www/html/laravel_10_projects/Laravel_aws_queue/vendor/symfony/console/Application.php(342): Symfony\\Component\\Console\\Application->doRunCommand()
#39 /var/www/html/laravel_10_projects/Laravel_aws_queue/vendor/symfony/console/Application.php(193): Symfony\\Component\\Console\\Application->doRun()
#40 /var/www/html/laravel_10_projects/Laravel_aws_queue/vendor/laravel/framework/src/Illuminate/Foundation/Console/Kernel.php(197): Symfony\\Component\\Console\\Application->run()
#41 /var/www/html/laravel_10_projects/Laravel_aws_queue/vendor/laravel/framework/src/Illuminate/Foundation/Application.php(1205): Illuminate\\Foundation\\Console\\Kernel->handle()
#42 /var/www/html/laravel_10_projects/Laravel_aws_queue/artisan(13): Illuminate\\Foundation\\Application->handleCommand()
#43 {main}
"} 
